[debug] [2025-05-23T08:44:57.403Z] ----------------------------------------------------------------------
[debug] [2025-05-23T08:44:57.409Z] Command:       C:\Program Files\nodejs\node.exe C:\Users\KIIT\AppData\Roaming\npm\node_modules\firebase-tools\lib\bin\firebase.js emulators:start --only functions
[debug] [2025-05-23T08:44:57.410Z] CLI Version:   14.4.0
[debug] [2025-05-23T08:44:57.410Z] Platform:      win32
[debug] [2025-05-23T08:44:57.410Z] Node Version:  v20.11.0
[debug] [2025-05-23T08:44:57.411Z] Time:          Fri May 23 2025 14:14:57 GMT+0530 (India Standard Time)
[debug] [2025-05-23T08:44:57.411Z] ----------------------------------------------------------------------
[debug] 
[debug] [2025-05-23T08:44:57.419Z] >>> [apiv2][query] GET https://firebase-public.firebaseio.com/cli.json [none]
[warn] !  functions: The functions emulator is configured but there is no functions source directory. Have you run firebase init functions? {"metadata":{"emulator":{"name":"functions"},"message":"The functions emulator is configured but there is no functions source directory. Have you run \u001b[1mfirebase init functions\u001b[22m?"}}
[debug] [2025-05-23T08:44:57.607Z] > command requires scopes: ["email","openid","https://www.googleapis.com/auth/cloudplatformprojects.readonly","https://www.googleapis.com/auth/firebase","https://www.googleapis.com/auth/cloud-platform"]
[debug] [2025-05-23T08:44:57.609Z] > authorizing via signed-in user (pandashreyan7@gmail.com)
[warn] !  Could not find config (firebase.json) so using defaults. 
[info] i  emulators: Starting emulators: functions {"metadata":{"emulator":{"name":"hub"},"message":"Starting emulators: functions"}}
[debug] [2025-05-23T08:44:57.661Z] [logging] Logging Emulator only supports listening on one address (127.0.0.1). Not listening on ::1
[debug] [2025-05-23T08:44:57.665Z] assigned listening specs for emulators {"user":{"logging":[{"address":"127.0.0.1","family":"IPv4","port":4500}]},"metadata":{"message":"assigned listening specs for emulators"}}
[warn] !  functions: The functions emulator is configured but there is no functions source directory. Have you run firebase init functions? {"metadata":{"emulator":{"name":"functions"},"message":"The functions emulator is configured but there is no functions source directory. Have you run \u001b[1mfirebase init functions\u001b[22m?"}}
[warn] !  emulators: The Emulator UI is not starting, either because none of the running emulators have a UI component or the Emulator UI cannot determine the Project ID. Pass the --project flag to specify a project. {"metadata":{"emulator":{"name":"hub"},"message":"The Emulator UI is not starting, either because none of the running emulators have a UI component or the Emulator UI cannot determine the Project ID. Pass the --project flag to specify a project."}}
[debug] [2025-05-23T08:44:57.957Z] Could not find VSCode notification endpoint: FetchError: request to http://localhost:40001/vscode/notify failed, reason: . If you are not running the Firebase Data Connect VSCode extension, this is expected and not an issue.
[info] 
┌─────────────────────────────────────────────────────────────┐
│ ✔  All emulators ready! It is now safe to connect your app. │
└─────────────────────────────────────────────────────────────┘

┌───────────┬──────────────────────────────────┐
│ Emulator  │ Host:Port                        │
├───────────┼──────────────────────────────────┤
│ Functions │ Failed to initialize (see above) │
└───────────┴──────────────────────────────────┘
  Emulator Hub not running.
  Other reserved ports: 4500

Issues? Report them at https://github.com/firebase/firebase-tools/issues and attach the *-debug.log files.
 
[debug] [2025-05-23T08:44:58.863Z] <<< [apiv2][status] GET https://firebase-public.firebaseio.com/cli.json 200
[debug] [2025-05-23T08:44:58.863Z] <<< [apiv2][body] GET https://firebase-public.firebaseio.com/cli.json {"cloudBuildErrorAfter":1594252800000,"cloudBuildWarnAfter":1590019200000,"defaultNode10After":1594252800000,"minVersion":"3.0.5","node8DeploysDisabledAfter":1613390400000,"node8RuntimeDisabledAfter":1615809600000,"node8WarnAfter":1600128000000}
[debug] [2025-05-23T19:42:31.211Z] Received signal SIGHUP 1
[debug] [2025-05-31T12:17:43.128Z] ----------------------------------------------------------------------
[debug] [2025-05-31T12:17:43.132Z] Command:       C:\Program Files\nodejs\node.exe C:\Users\KIIT\AppData\Roaming\npm\node_modules\firebase-tools\lib\bin\firebase.js emulators:start --only functions
[debug] [2025-05-31T12:17:43.133Z] CLI Version:   14.4.0
[debug] [2025-05-31T12:17:43.133Z] Platform:      win32
[debug] [2025-05-31T12:17:43.133Z] Node Version:  v20.11.0
[debug] [2025-05-31T12:17:43.133Z] Time:          Sat May 31 2025 17:47:43 GMT+0530 (India Standard Time)
[debug] [2025-05-31T12:17:43.134Z] ----------------------------------------------------------------------
[debug] 
[debug] [2025-05-31T12:17:43.137Z] >>> [apiv2][query] GET https://firebase-public.firebaseio.com/cli.json [none]
[warn] !  functions: The functions emulator is configured but there is no functions source directory. Have you run firebase init functions? {"metadata":{"emulator":{"name":"functions"},"message":"The functions emulator is configured but there is no functions source directory. Have you run \u001b[1mfirebase init functions\u001b[22m?"}}
[debug] [2025-05-31T12:17:43.209Z] > command requires scopes: ["email","openid","https://www.googleapis.com/auth/cloudplatformprojects.readonly","https://www.googleapis.com/auth/firebase","https://www.googleapis.com/auth/cloud-platform"]
[debug] [2025-05-31T12:17:43.210Z] > authorizing via signed-in user (pandashreyan7@gmail.com)
[warn] !  Could not find config (firebase.json) so using defaults. 
[info] i  emulators: Starting emulators: functions {"metadata":{"emulator":{"name":"hub"},"message":"Starting emulators: functions"}}
[debug] [2025-05-31T12:17:43.220Z] [logging] Logging Emulator only supports listening on one address (127.0.0.1). Not listening on ::1
[debug] [2025-05-31T12:17:43.220Z] assigned listening specs for emulators {"user":{"logging":[{"address":"127.0.0.1","family":"IPv4","port":4500}]},"metadata":{"message":"assigned listening specs for emulators"}}
[warn] !  functions: The functions emulator is configured but there is no functions source directory. Have you run firebase init functions? {"metadata":{"emulator":{"name":"functions"},"message":"The functions emulator is configured but there is no functions source directory. Have you run \u001b[1mfirebase init functions\u001b[22m?"}}
[warn] !  emulators: The Emulator UI is not starting, either because none of the running emulators have a UI component or the Emulator UI cannot determine the Project ID. Pass the --project flag to specify a project. {"metadata":{"emulator":{"name":"hub"},"message":"The Emulator UI is not starting, either because none of the running emulators have a UI component or the Emulator UI cannot determine the Project ID. Pass the --project flag to specify a project."}}
[debug] [2025-05-31T12:17:43.737Z] Could not find VSCode notification endpoint: FetchError: request to http://localhost:40001/vscode/notify failed, reason: . If you are not running the Firebase Data Connect VSCode extension, this is expected and not an issue.
[info] 
┌─────────────────────────────────────────────────────────────┐
│ ✔  All emulators ready! It is now safe to connect your app. │
└─────────────────────────────────────────────────────────────┘

┌───────────┬──────────────────────────────────┐
│ Emulator  │ Host:Port                        │
├───────────┼──────────────────────────────────┤
│ Functions │ Failed to initialize (see above) │
└───────────┴──────────────────────────────────┘
  Emulator Hub not running.
  Other reserved ports: 4500

Issues? Report them at https://github.com/firebase/firebase-tools/issues and attach the *-debug.log files.
 
[debug] [2025-05-31T12:17:44.667Z] <<< [apiv2][status] GET https://firebase-public.firebaseio.com/cli.json 200
[debug] [2025-05-31T12:17:44.667Z] <<< [apiv2][body] GET https://firebase-public.firebaseio.com/cli.json {"cloudBuildErrorAfter":1594252800000,"cloudBuildWarnAfter":1590019200000,"defaultNode10After":1594252800000,"minVersion":"3.0.5","node8DeploysDisabledAfter":1613390400000,"node8RuntimeDisabledAfter":1615809600000,"node8WarnAfter":1600128000000}
[debug] [2025-05-31T12:27:25.206Z] Received signal SIGHUP 1
[info]  
[info] i  emulators: Received SIGHUP for the first time. Starting a clean shutdown. 
[info] i  emulators: Please wait for a clean shutdown or send the SIGHUP signal again to stop right now. 
[info] i  emulators: Shutting down emulators. {"metadata":{"emulator":{"name":"hub"},"message":"Shutting down emulators."}}
[info] i  logging: Stopping Logging Emulator {"metadata":{"emulator":{"name":"logging"},"message":"Stopping Logging Emulator"}}
[debug] [2025-05-31T12:27:25.231Z] Could not find VSCode notification endpoint: FetchError: request to http://localhost:40001/vscode/notify failed, reason: . If you are not running the Firebase Data Connect VSCode extension, this is expected and not an issue.
